<?xml version="1.0" encoding="UTF-8"?>
<!-- Generated by org.testng.reporters.JUnitReportReporter -->
<testsuite hostname="DESKTOP-GVIFE8M" failures="0" tests="1" name="com.nanosoft.MP_Portal.Test.MP_Portal_Login" time="89.174" errors="0" timestamp="2021-04-04T10:47:49 BDT" skipped="0">
  <testcase classname="com.nanosoft.MP_Portal.Test.MP_Portal_Login" name="Login_Test" time="89.174"/>
  <system-out/>
</testsuite> <!-- com.nanosoft.MP_Portal.Test.MP_Portal_Login -->
