<?xml version="1.0" encoding="UTF-8"?>
<!-- Generated by org.testng.reporters.JUnitReportReporter -->
<testsuite hostname="DESKTOP-GVIFE8M" failures="0" tests="1" name="com.nanosoft.MP_Portal.Test.MasterSetup" time="85.792" errors="0" timestamp="2021-04-01T10:53:47 BDT" skipped="0">
  <testcase classname="com.nanosoft.MP_Portal.Test.MasterSetup" name="MasterSetupBanglaVersion" time="85.792"/>
  <system-out/>
</testsuite> <!-- com.nanosoft.MP_Portal.Test.MasterSetup -->
