<?xml version="1.0" encoding="UTF-8"?>
<!-- Generated by org.testng.reporters.JUnitReportReporter -->
<testsuite hostname="DESKTOP-GVIFE8M" failures="0" tests="2" name="com.nanosoft.MP_Portal.Test.MP_Portal_Notice" time="16.253" errors="0" timestamp="2021-03-22T14:59:05 BDT" skipped="0">
  <testcase classname="com.nanosoft.MP_Portal.Test.MP_Portal_Notice" name="SetupBidhi" time="10.757"/>
  <system-out/>
  <testcase classname="com.nanosoft.MP_Portal.Test.MP_Portal_Notice" name="SetupSthayeCommittee" time="5.496"/>
  <system-out/>
</testsuite> <!-- com.nanosoft.MP_Portal.Test.MP_Portal_Notice -->
