<?xml version="1.0" encoding="UTF-8"?>
<!-- Generated by org.testng.reporters.JUnitReportReporter -->
<testsuite hostname="DESKTOP-GVIFE8M" failures="0" tests="1" name="com.nanosoft.MP_Portal.Test.ProfileNActivities" time="8.208" errors="0" timestamp="2021-04-04T17:35:43 BDT" skipped="0">
  <testcase classname="com.nanosoft.MP_Portal.Test.ProfileNActivities" name="profileNactivitiesBanglaVersion" time="8.208"/>
  <system-out/>
</testsuite> <!-- com.nanosoft.MP_Portal.Test.ProfileNActivities -->
